Using pre-set license
Built from '2020.3/staging' branch; Version is '2020.3.17f1 (a4537701e4ab) revision 10769271'; Using compiler version '192528614'; Build Type 'Release'
OS: 'Windows 10 Pro; OS build 19044.2728; Version 2009; 64bit' Language: 'da' Physical Memory: 16294 MB
BatchMode: 1, IsHumanControllingUs: 0, StartBugReporterOnCrash: 0, Is64bit: 1, IsPro: 0

COMMAND LINE ARGUMENTS:
C:\Program Files\2020.3.17f1\Editor\Unity.exe
-adb2
-batchMode
-noUpm
-name
AssetImportWorker0
-projectPath
C:/Users/chrmu/OneDrive/Skrivebord/skole/Unity/3d/Mars-bar
-logFile
Logs/AssetImportWorker0.log
-srvPort
63590
Successfully changed project path to: C:/Users/chrmu/OneDrive/Skrivebord/skole/Unity/3d/Mars-bar
C:/Users/chrmu/OneDrive/Skrivebord/skole/Unity/3d/Mars-bar
Using Asset Import Pipeline V2.
Refreshing native plugins compatible for Editor in 206.28 ms, found 2 plugins.
Preloading 0 native plugins for Editor in 0.00 ms.
Initialize engine version: 2020.3.17f1 (a4537701e4ab)
[Subsystems] Discovering subsystems at path C:/Program Files/2020.3.17f1/Editor/Data/Resources/UnitySubsystems
[Subsystems] Discovering subsystems at path C:/Users/chrmu/OneDrive/Skrivebord/skole/Unity/3d/Mars-bar/Assets
GfxDevice: creating device client; threaded=0
Direct3D:
    Version:  Direct3D 11.0 [level 11.1]
    Renderer: NVIDIA GeForce GTX 1650 (ID=0x1f82)
    Vendor:   
    VRAM:     3962 MB
    Driver:   31.0.15.1694
Initialize mono
Mono path[0] = 'C:/Program Files/2020.3.17f1/Editor/Data/Managed'
Mono path[1] = 'C:/Program Files/2020.3.17f1/Editor/Data/MonoBleedingEdge/lib/mono/unityjit'
Mono config path = 'C:/Program Files/2020.3.17f1/Editor/Data/MonoBleedingEdge/etc'
Using monoOptions --debugger-agent=transport=dt_socket,embedding=1,server=y,suspend=n,address=127.0.0.1:56160
Begin MonoManager ReloadAssembly
Registering precompiled unity dll's ...
Register platform support module: C:/Program Files/2020.3.17f1/Editor/Data/PlaybackEngines/WebGLSupport/UnityEditor.WebGL.Extensions.dll
Register platform support module: C:/Program Files/2020.3.17f1/Editor/Data/PlaybackEngines/WindowsStandaloneSupport/UnityEditor.WindowsStandalone.Extensions.dll
Registered in 0.308862 seconds.
Native extension for WindowsStandalone target not found
Native extension for WebGL target not found
Refreshing native plugins compatible for Editor in 26.54 ms, found 2 plugins.
Preloading 0 native plugins for Editor in 0.00 ms.
Mono: successfully reloaded assembly
- Completed reload, in  5.223 seconds
Domain Reload Profiling:
	ReloadAssembly (5223ms)
		BeginReloadAssembly (2765ms)
			ExecutionOrderSort (0ms)
			DisableScriptedObjects (0ms)
			BackupInstance (0ms)
			ReleaseScriptingObjects (0ms)
			CreateAndSetChildDomain (2ms)
		EndReloadAssembly (725ms)
			LoadAssemblies (2766ms)
			RebuildTransferFunctionScriptingTraits (1ms)
			SetupTypeCache (460ms)
			ReleaseScriptCaches (0ms)
			RebuildScriptCaches (26ms)
			SetupLoadedEditorAssemblies (153ms)
				LogAssemblyErrors (0ms)
				InitializePlatformSupportModulesInManaged (5ms)
				SetLoadedEditorAssemblies (0ms)
				RefreshPlugins (27ms)
				BeforeProcessingInitializeOnLoad (8ms)
				ProcessInitializeOnLoadAttributes (79ms)
				ProcessInitializeOnLoadMethodAttributes (33ms)
				AfterProcessingInitializeOnLoad (0ms)
				EditorAssembliesLoaded (0ms)
			ExecutionOrderSort2 (0ms)
			AwakeInstancesAfterBackupRestoration (0ms)
Platform modules already initialized, skipping
Registering precompiled user dll's ...
Registered in 0.673746 seconds.
Begin MonoManager ReloadAssembly
Native extension for WindowsStandalone target not found
Native extension for WebGL target not found
Refreshing native plugins compatible for Editor in 0.33 ms, found 2 plugins.
Preloading 0 native plugins for Editor in 0.00 ms.
Mono: successfully reloaded assembly
- Completed reload, in  3.221 seconds
Domain Reload Profiling:
	ReloadAssembly (3225ms)
		BeginReloadAssembly (130ms)
			ExecutionOrderSort (0ms)
			DisableScriptedObjects (4ms)
			BackupInstance (0ms)
			ReleaseScriptingObjects (0ms)
			CreateAndSetChildDomain (19ms)
		EndReloadAssembly (3036ms)
			LoadAssemblies (1394ms)
			RebuildTransferFunctionScriptingTraits (0ms)
			SetupTypeCache (990ms)
			ReleaseScriptCaches (0ms)
			RebuildScriptCaches (35ms)
			SetupLoadedEditorAssemblies (529ms)
				LogAssemblyErrors (0ms)
				InitializePlatformSupportModulesInManaged (5ms)
				SetLoadedEditorAssemblies (0ms)
				RefreshPlugins (0ms)
				BeforeProcessingInitializeOnLoad (46ms)
				ProcessInitializeOnLoadAttributes (469ms)
				ProcessInitializeOnLoadMethodAttributes (3ms)
				AfterProcessingInitializeOnLoad (5ms)
				EditorAssembliesLoaded (0ms)
			ExecutionOrderSort2 (0ms)
			AwakeInstancesAfterBackupRestoration (5ms)
Platform modules already initialized, skipping
========================================================================
Worker process is ready to serve import requests
Launched and connected shader compiler UnityShaderCompiler.exe after 0.08 seconds
Refreshing native plugins compatible for Editor in 0.33 ms, found 2 plugins.
Preloading 0 native plugins for Editor in 0.00 ms.
Unloading 1397 Unused Serialized files (Serialized files now loaded: 0)
System memory in use before: 64.8 MB.
System memory in use after: 64.9 MB.

Unloading 18 unused Assets to reduce memory usage. Loaded Objects now: 1830.
Total: 4.839100 ms (FindLiveObjects: 0.168100 ms CreateObjectMapping: 0.029500 ms MarkObjects: 4.122000 ms  DeleteObjects: 0.518300 ms)

AssetImportParameters requested are different than current active one (requested -> active):
  custom:framework-win-MediaFoundation: 216162199b28c13a410421893ffa2e32 -> 
  custom:video-decoder-ogg-theora: a1e56fd34408186e4bbccfd4996cb3dc -> 
  custom:container-muxer-webm: aa71ff27fc2769a1b78a27578f13a17b -> 
  custom:container-demuxer-webm: 4f35f7cbe854078d1ac9338744f61a02 -> 
  custom:container-demuxer-ogg: 62fdf1f143b41e24485cea50d1cbac27 -> 
  custom:video-encoder-webm-vp8: eb34c28f22e8b96e1ab97ce403110664 -> 
  custom:video-decoder-webm-vp8: 9c59270c3fd7afecdb556c50c9e8de78 -> 
  custom:audio-decoder-ogg-vorbis: bf7c407c2cedff20999df2af8eb42d56 -> 
  custom:audio-encoder-webm-vorbis: bf7c407c2cedff20999df2af8eb42d56 -> 
========================================================================
Received Import Request.
  path: Assets/Scenes/SampleScene.unity
  artifactKey: Guid(9fc0d4010bbf28b4594072e72b8655ab) Importer(815301076,1909f56bfc062723c751e8b465ee728b)
Start importing Assets/Scenes/SampleScene.unity using Guid(9fc0d4010bbf28b4594072e72b8655ab) Importer(815301076,1909f56bfc062723c751e8b465ee728b)  -> (artifact id: '85059f4f9e1a832ed95adaa0d25c5c4c') in 0.017264 seconds 
  Import took 0.019991 seconds .

========================================================================
Received Import Request.
  Time since last request: 424.528085 seconds.
  path: Assets/building-seal.fbx
  artifactKey: Guid(e8b921b3afccb24469b3562827df8329) Importer(815301076,1909f56bfc062723c751e8b465ee728b)
Start importing Assets/building-seal.fbx using Guid(e8b921b3afccb24469b3562827df8329) Importer(815301076,1909f56bfc062723c751e8b465ee728b)  -> (artifact id: '0961aba8a779ea591ea15221a69460d8') in 0.360656 seconds 
  Import took 0.363357 seconds .

========================================================================
Received Import Request.
  Time since last request: 0.000178 seconds.
  path: Assets/launch-pad.fbx
  artifactKey: Guid(85755dc5e76ee254daf3d077b1bef172) Importer(815301076,1909f56bfc062723c751e8b465ee728b)
Start importing Assets/launch-pad.fbx using Guid(85755dc5e76ee254daf3d077b1bef172) Importer(815301076,1909f56bfc062723c751e8b465ee728b)  -> (artifact id: '7bde125e6ed1173f21c3804c5a44c43d') in 0.035652 seconds 
  Import took 0.038088 seconds .

========================================================================
Received Import Request.
  Time since last request: 0.000176 seconds.
  path: Assets/door-simple-funk.fbx
  artifactKey: Guid(5a796014a50c140438db93ad0f2853af) Importer(815301076,1909f56bfc062723c751e8b465ee728b)
Start importing Assets/door-simple-funk.fbx using Guid(5a796014a50c140438db93ad0f2853af) Importer(815301076,1909f56bfc062723c751e8b465ee728b)  -> (artifact id: 'ab142703cf4271f1afb97423306d9dcd') in 0.048133 seconds 
  Import took 0.050730 seconds .

========================================================================
Received Import Request.
  Time since last request: 0.000180 seconds.
  path: Assets/building.fbx
  artifactKey: Guid(a08ac26b0918b1b43b3eab086e832483) Importer(815301076,1909f56bfc062723c751e8b465ee728b)
Start importing Assets/building.fbx using Guid(a08ac26b0918b1b43b3eab086e832483) Importer(815301076,1909f56bfc062723c751e8b465ee728b)  -> (artifact id: '105a37ccdcd062f60df44768111f48c5') in 0.087637 seconds 
  Import took 0.090088 seconds .

========================================================================
Received Import Request.
  Time since last request: 0.000235 seconds.
  path: Assets/tube-to-pod.fbx
  artifactKey: Guid(a50aafa1c08e58047b4ad207fcc09371) Importer(815301076,1909f56bfc062723c751e8b465ee728b)
Start importing Assets/tube-to-pod.fbx using Guid(a50aafa1c08e58047b4ad207fcc09371) Importer(815301076,1909f56bfc062723c751e8b465ee728b)  -> (artifact id: 'e326263d12433ca66aa7ed1f9d482d92') in 0.036946 seconds 
  Import took 0.039326 seconds .

========================================================================
Received Import Request.
  Time since last request: 0.000183 seconds.
  path: Assets/stairs.fbx
  artifactKey: Guid(1b91598a46471e740bd286ee7205fcea) Importer(815301076,1909f56bfc062723c751e8b465ee728b)
Start importing Assets/stairs.fbx using Guid(1b91598a46471e740bd286ee7205fcea) Importer(815301076,1909f56bfc062723c751e8b465ee728b)  -> (artifact id: '37510e629ba8416934b1e69084866af4') in 0.041244 seconds 
  Import took 0.043450 seconds .

========================================================================
Received Import Request.
  Time since last request: 0.000170 seconds.
  path: Assets/solpanel.fbx
  artifactKey: Guid(3aa6320a27805ae47b84b9577c4d46f8) Importer(815301076,1909f56bfc062723c751e8b465ee728b)
Start importing Assets/solpanel.fbx using Guid(3aa6320a27805ae47b84b9577c4d46f8) Importer(815301076,1909f56bfc062723c751e8b465ee728b)  -> (artifact id: '4e658fad844fa5562be65be5a868dfc3') in 0.050071 seconds 
  Import took 0.052299 seconds .

========================================================================
Received Import Request.
  Time since last request: 0.000171 seconds.
  path: Assets/hylde.fbx
  artifactKey: Guid(f4dbbe14842036e4d97f6ba4d09e531e) Importer(815301076,1909f56bfc062723c751e8b465ee728b)
Start importing Assets/hylde.fbx using Guid(f4dbbe14842036e4d97f6ba4d09e531e) Importer(815301076,1909f56bfc062723c751e8b465ee728b)  -> (artifact id: 'fb4d64ccc58e3b34fee4bf5f7b0c4ff4') in 0.020196 seconds 
  Import took 0.022196 seconds .

========================================================================
Received Import Request.
  Time since last request: 0.000172 seconds.
  path: Assets/pod.fbx
  artifactKey: Guid(a361b4e7dd7b42b4a8ef1c6fbbd334de) Importer(815301076,1909f56bfc062723c751e8b465ee728b)
Start importing Assets/pod.fbx using Guid(a361b4e7dd7b42b4a8ef1c6fbbd334de) Importer(815301076,1909f56bfc062723c751e8b465ee728b)  -> (artifact id: '4f81e3a27160d885f0ba87c7637cb996') in 0.046754 seconds 
  Import took 0.049433 seconds .

========================================================================
Received Import Request.
  Time since last request: 0.000170 seconds.
  path: Assets/entre.fbx
  artifactKey: Guid(c52613e5a9b01e546a26e7e4c189b319) Importer(815301076,1909f56bfc062723c751e8b465ee728b)
Start importing Assets/entre.fbx using Guid(c52613e5a9b01e546a26e7e4c189b319) Importer(815301076,1909f56bfc062723c751e8b465ee728b)  -> (artifact id: '3d12ec5d1d58554e1bf539c4e11a2ac6') in 0.038278 seconds 
  Import took 0.040796 seconds .

========================================================================
Received Import Request.
  Time since last request: 0.000210 seconds.
  path: Assets/farm.fbx
  artifactKey: Guid(7a3f397ac8e6ee141b00cb89b5a36242) Importer(815301076,1909f56bfc062723c751e8b465ee728b)
Start importing Assets/farm.fbx using Guid(7a3f397ac8e6ee141b00cb89b5a36242) Importer(815301076,1909f56bfc062723c751e8b465ee728b)  -> (artifact id: 'c4957c76dfadf072abfdfb0a0930d975') in 0.025429 seconds 
  Import took 0.027547 seconds .

========================================================================
Received Import Request.
  Time since last request: 0.000188 seconds.
  path: Assets/skybox.fbx
  artifactKey: Guid(97bd467f88f2f6f43b057707f9deddd6) Importer(815301076,1909f56bfc062723c751e8b465ee728b)
Start importing Assets/skybox.fbx using Guid(97bd467f88f2f6f43b057707f9deddd6) Importer(815301076,1909f56bfc062723c751e8b465ee728b)  -> (artifact id: '0eb26386ddcee35091b19465d18da36c') in 0.020050 seconds 
  Import took 0.022257 seconds .

========================================================================
Received Import Request.
  Time since last request: 0.000205 seconds.
  path: Assets/side-building.fbx
  artifactKey: Guid(d48e352a3fbbceb418e94053178c8eb5) Importer(815301076,1909f56bfc062723c751e8b465ee728b)
Start importing Assets/side-building.fbx using Guid(d48e352a3fbbceb418e94053178c8eb5) Importer(815301076,1909f56bfc062723c751e8b465ee728b)  -> (artifact id: '585f9077172eb0720806e6dcc777c9ef') in 0.032907 seconds 
  Import took 0.034902 seconds .

========================================================================
Received Import Request.
  Time since last request: 0.000195 seconds.
  path: Assets/tube-to-building.fbx
  artifactKey: Guid(00e9f71cbe641614cbee9b5a7f178983) Importer(815301076,1909f56bfc062723c751e8b465ee728b)
Start importing Assets/tube-to-building.fbx using Guid(00e9f71cbe641614cbee9b5a7f178983) Importer(815301076,1909f56bfc062723c751e8b465ee728b)  -> (artifact id: 'edc8df11a0a8a3e21bd3c984887593d5') in 0.035379 seconds 
  Import took 0.037737 seconds .

========================================================================
Received Import Request.
  Time since last request: 0.000181 seconds.
  path: Assets/SKAB.fbx
  artifactKey: Guid(ecccb819e296fcd468dfb21faa6d89a3) Importer(815301076,1909f56bfc062723c751e8b465ee728b)
Start importing Assets/SKAB.fbx using Guid(ecccb819e296fcd468dfb21faa6d89a3) Importer(815301076,1909f56bfc062723c751e8b465ee728b)  -> (artifact id: 'b9ad7192a517b8969bd794bd6b52b0ed') in 0.033842 seconds 
  Import took 0.036313 seconds .

========================================================================
Received Import Request.
  Time since last request: 0.000186 seconds.
  path: Assets/tube.fbx
  artifactKey: Guid(17e336e062cbef84d81d84347e10505d) Importer(815301076,1909f56bfc062723c751e8b465ee728b)
Start importing Assets/tube.fbx using Guid(17e336e062cbef84d81d84347e10505d) Importer(815301076,1909f56bfc062723c751e8b465ee728b)  -> (artifact id: '493b82901cb0b5c3cea990184595c6d8') in 0.026492 seconds 
  Import took 0.028817 seconds .

========================================================================
Received Import Request.
  Time since last request: 0.000188 seconds.
  path: Assets/main-building.fbx
  artifactKey: Guid(084c6ceab27258340813c1645ba9acca) Importer(815301076,1909f56bfc062723c751e8b465ee728b)
Start importing Assets/main-building.fbx using Guid(084c6ceab27258340813c1645ba9acca) Importer(815301076,1909f56bfc062723c751e8b465ee728b)  -> (artifact id: 'c6b83b95675df269d621d2ef582526be') in 0.022839 seconds 
  Import took 0.025455 seconds .

========================================================================
Received Import Request.
  Time since last request: 0.000185 seconds.
  path: Assets/cabinet.fbx
  artifactKey: Guid(14c26283c20c3fc4ba7dd311ff65ae68) Importer(815301076,1909f56bfc062723c751e8b465ee728b)
Start importing Assets/cabinet.fbx using Guid(14c26283c20c3fc4ba7dd311ff65ae68) Importer(815301076,1909f56bfc062723c751e8b465ee728b)  -> (artifact id: 'ff813ba373ceeadba672a4edf141b3f7') in 0.041725 seconds 
  Import took 0.043970 seconds .

========================================================================
Received Import Request.
  Time since last request: 6.181160 seconds.
  path: Assets/New Terrain.asset
  artifactKey: Guid(19c1d8415b94be44d84e348245a484f6) Importer(815301076,1909f56bfc062723c751e8b465ee728b)
Start importing Assets/New Terrain.asset using Guid(19c1d8415b94be44d84e348245a484f6) Importer(815301076,1909f56bfc062723c751e8b465ee728b)  -> (artifact id: '9ba56e6f7461b0e4c9a0f64679bce8d4') in 0.028783 seconds 
  Import took 0.031840 seconds .

========================================================================
Received Import Request.
  Time since last request: 1520.923591 seconds.
  path: Assets/building-capsule.blend
  artifactKey: Guid(d999e7eacbefedc41b4510584961e064) Importer(815301076,1909f56bfc062723c751e8b465ee728b)
Start importing Assets/building-capsule.blend using Guid(d999e7eacbefedc41b4510584961e064) Importer(815301076,1909f56bfc062723c751e8b465ee728b)  -> (artifact id: '64305d6849f4efee388941d82db77434') in 0.011480 seconds 
  Import took 0.015159 seconds .

========================================================================
Received Import Request.
  Time since last request: 7.639717 seconds.
  path: Assets/building-capsule.blend1
  artifactKey: Guid(98d4897e8b0fbd74f81108f25c08fdfd) Importer(815301076,1909f56bfc062723c751e8b465ee728b)
Start importing Assets/building-capsule.blend1 using Guid(98d4897e8b0fbd74f81108f25c08fdfd) Importer(815301076,1909f56bfc062723c751e8b465ee728b)  -> (artifact id: '9d59100c938c8c671e0a64dba786c00b') in 0.004778 seconds 
  Import took 0.007339 seconds .

========================================================================
Received Import Request.
  Time since last request: 0.689095 seconds.
  path: Assets/building-inside.blend
  artifactKey: Guid(c5cad4eb6417f724ab0ecef6f7d76757) Importer(815301076,1909f56bfc062723c751e8b465ee728b)
Start importing Assets/building-inside.blend using Guid(c5cad4eb6417f724ab0ecef6f7d76757) Importer(815301076,1909f56bfc062723c751e8b465ee728b)  -> (artifact id: '2e0df89c30c401a2a8e09660c4cc8017') in 0.007161 seconds 
  Import took 0.010110 seconds .

========================================================================
Received Prepare
Registering precompiled user dll's ...
Registered in 0.003151 seconds.
Begin MonoManager ReloadAssembly
Native extension for WindowsStandalone target not found
Native extension for WebGL target not found
Refreshing native plugins compatible for Editor in 0.34 ms, found 2 plugins.
Preloading 0 native plugins for Editor in 0.00 ms.
Mono: successfully reloaded assembly
- Completed reload, in  0.890 seconds
Domain Reload Profiling:
	ReloadAssembly (890ms)
		BeginReloadAssembly (112ms)
			ExecutionOrderSort (0ms)
			DisableScriptedObjects (3ms)
			BackupInstance (0ms)
			ReleaseScriptingObjects (0ms)
			CreateAndSetChildDomain (36ms)
		EndReloadAssembly (719ms)
			LoadAssemblies (72ms)
			RebuildTransferFunctionScriptingTraits (0ms)
			SetupTypeCache (238ms)
			ReleaseScriptCaches (1ms)
			RebuildScriptCaches (33ms)
			SetupLoadedEditorAssemblies (293ms)
				LogAssemblyErrors (0ms)
				InitializePlatformSupportModulesInManaged (5ms)
				SetLoadedEditorAssemblies (0ms)
				RefreshPlugins (0ms)
				BeforeProcessingInitializeOnLoad (45ms)
				ProcessInitializeOnLoadAttributes (233ms)
				ProcessInitializeOnLoadMethodAttributes (3ms)
				AfterProcessingInitializeOnLoad (6ms)
				EditorAssembliesLoaded (0ms)
			ExecutionOrderSort2 (0ms)
			AwakeInstancesAfterBackupRestoration (6ms)
Platform modules already initialized, skipping
Refreshing native plugins compatible for Editor in 0.38 ms, found 2 plugins.
Preloading 0 native plugins for Editor in 0.00 ms.
Unloading 1392 Unused Serialized files (Serialized files now loaded: 0)
System memory in use before: 82.8 MB.
System memory in use after: 82.3 MB.

Unloading 16 unused Assets to reduce memory usage. Loaded Objects now: 1878.
Total: 3.175500 ms (FindLiveObjects: 0.172800 ms CreateObjectMapping: 0.028900 ms MarkObjects: 2.641100 ms  DeleteObjects: 0.331400 ms)

AssetImportParameters requested are different than current active one (requested -> active):
  custom:framework-win-MediaFoundation: 216162199b28c13a410421893ffa2e32 -> 
  custom:video-decoder-ogg-theora: a1e56fd34408186e4bbccfd4996cb3dc -> 
  custom:container-muxer-webm: aa71ff27fc2769a1b78a27578f13a17b -> 
  custom:container-demuxer-webm: 4f35f7cbe854078d1ac9338744f61a02 -> 
  custom:container-demuxer-ogg: 62fdf1f143b41e24485cea50d1cbac27 -> 
  custom:video-encoder-webm-vp8: eb34c28f22e8b96e1ab97ce403110664 -> 
  custom:video-decoder-webm-vp8: 9c59270c3fd7afecdb556c50c9e8de78 -> 
  custom:audio-decoder-ogg-vorbis: bf7c407c2cedff20999df2af8eb42d56 -> 
  custom:audio-encoder-webm-vorbis: bf7c407c2cedff20999df2af8eb42d56 -> 
========================================================================
Received Import Request.
  Time since last request: 68.855630 seconds.
  path: Assets/MARs
  artifactKey: Guid(ed274014eedcce34d8218af1e2ee12c3) Importer(815301076,1909f56bfc062723c751e8b465ee728b)
Start importing Assets/MARs using Guid(ed274014eedcce34d8218af1e2ee12c3) Importer(815301076,1909f56bfc062723c751e8b465ee728b)  -> (artifact id: '372ce4685db8d60cf7610279c496dddf') in 0.009121 seconds 
  Import took 0.011504 seconds .

========================================================================
Received Import Request.
  Time since last request: 0.001629 seconds.
  path: Assets/MARs
  artifactKey: Guid(ed274014eedcce34d8218af1e2ee12c3) Importer(815301076,1909f56bfc062723c751e8b465ee728b)
Start importing Assets/MARs using Guid(ed274014eedcce34d8218af1e2ee12c3) Importer(815301076,1909f56bfc062723c751e8b465ee728b)  -> (artifact id: '372ce4685db8d60cf7610279c496dddf') in 0.001774 seconds 
  Import took 0.003337 seconds .

========================================================================
Received Import Request.
  Time since last request: 0.034671 seconds.
  path: Assets/MARs/alt texture.png
  artifactKey: Guid(c63916a17bcf84142a6d831d8d2dce05) Importer(815301076,1909f56bfc062723c751e8b465ee728b)
Start importing Assets/MARs/alt texture.png using Guid(c63916a17bcf84142a6d831d8d2dce05) Importer(815301076,1909f56bfc062723c751e8b465ee728b)  -> (artifact id: 'cb8bdc57c1c312a4edbc754c83cd415d') in 0.072766 seconds 
  Import took 0.075186 seconds .

========================================================================
Received Import Request.
  Time since last request: 8.127260 seconds.
  path: Assets/MARs/scripts
  artifactKey: Guid(c0ec6dc3632ec534788c2e8b72320b23) Importer(815301076,1909f56bfc062723c751e8b465ee728b)
Start importing Assets/MARs/scripts using Guid(c0ec6dc3632ec534788c2e8b72320b23) Importer(815301076,1909f56bfc062723c751e8b465ee728b)  -> (artifact id: '7282ba89a24f6c06b54819c64f6f3342') in 0.010346 seconds 
  Import took 0.012631 seconds .

========================================================================
Received Import Request.
  Time since last request: 0.366664 seconds.
  path: Assets/MARs/prefabs
  artifactKey: Guid(73b48e0f13f5d6e41a51a2af0b0dbdb7) Importer(815301076,1909f56bfc062723c751e8b465ee728b)
Start importing Assets/MARs/prefabs using Guid(73b48e0f13f5d6e41a51a2af0b0dbdb7) Importer(815301076,1909f56bfc062723c751e8b465ee728b)  -> (artifact id: '4f80cd9e5e5988322bf2d6858fbb5ae5') in 0.006104 seconds 
  Import took 0.008533 seconds .

========================================================================
Received Import Request.
  Time since last request: 0.000282 seconds.
  path: Assets/MARs/prefabs
  artifactKey: Guid(73b48e0f13f5d6e41a51a2af0b0dbdb7) Importer(815301076,1909f56bfc062723c751e8b465ee728b)
Start importing Assets/MARs/prefabs using Guid(73b48e0f13f5d6e41a51a2af0b0dbdb7) Importer(815301076,1909f56bfc062723c751e8b465ee728b)  -> (artifact id: '4f80cd9e5e5988322bf2d6858fbb5ae5') in 0.002043 seconds 
  Import took 0.004234 seconds .

========================================================================
Received Import Request.
  Time since last request: 3.308884 seconds.
  path: Assets/MARs/prefabs/building.prefab
  artifactKey: Guid(7c7317228dc4f2c43a5e506f2604c15c) Importer(815301076,1909f56bfc062723c751e8b465ee728b)
Start importing Assets/MARs/prefabs/building.prefab using Guid(7c7317228dc4f2c43a5e506f2604c15c) Importer(815301076,1909f56bfc062723c751e8b465ee728b)  -> (artifact id: '0920b5d8e94d32137a7dd86562a1b02c') in 0.284112 seconds 
  Import took 0.291084 seconds .

========================================================================
Received Import Request.
  Time since last request: 0.000227 seconds.
  path: Assets/MARs/prefabs/entre.prefab
  artifactKey: Guid(72ad16189caf3e44faee66a5011ea518) Importer(815301076,1909f56bfc062723c751e8b465ee728b)
Start importing Assets/MARs/prefabs/entre.prefab using Guid(72ad16189caf3e44faee66a5011ea518) Importer(815301076,1909f56bfc062723c751e8b465ee728b)  -> (artifact id: 'c9f0c15d69ba43617fd3513f53f5c9b9') in 0.054124 seconds 
  Import took 0.057919 seconds .

========================================================================
Received Import Request.
  Time since last request: 0.000212 seconds.
  path: Assets/MARs/prefabs/pod.prefab
  artifactKey: Guid(a79da9e428694c84bbdece9edcf0d520) Importer(815301076,1909f56bfc062723c751e8b465ee728b)
Start importing Assets/MARs/prefabs/pod.prefab using Guid(a79da9e428694c84bbdece9edcf0d520) Importer(815301076,1909f56bfc062723c751e8b465ee728b)  -> (artifact id: '967549a1ecbd8255f13c11293e60b6db') in 0.040021 seconds 
  Import took 0.045974 seconds .

========================================================================
Received Import Request.
  Time since last request: 209.515401 seconds.
  path: Assets/MARs/building parts
  artifactKey: Guid(5f4b246dad68931489aa41dc17bcfdca) Importer(815301076,1909f56bfc062723c751e8b465ee728b)
Start importing Assets/MARs/building parts using Guid(5f4b246dad68931489aa41dc17bcfdca) Importer(815301076,1909f56bfc062723c751e8b465ee728b)  -> (artifact id: '41fa7149f91af0781841af8612d15ce4') in 0.007441 seconds 
  Import took 0.010016 seconds .

========================================================================
Received Import Request.
  Time since last request: 0.062672 seconds.
  path: Assets/MARs/building parts/building.fbx
  artifactKey: Guid(eb32c151e32e0434da1a11a3904a4d14) Importer(815301076,1909f56bfc062723c751e8b465ee728b)
Start importing Assets/MARs/building parts/building.fbx using Guid(eb32c151e32e0434da1a11a3904a4d14) Importer(815301076,1909f56bfc062723c751e8b465ee728b)  -> (artifact id: '59b055979beebd2036be975454d2098a') in 0.060621 seconds 
  Import took 0.063100 seconds .

========================================================================
Received Import Request.
  Time since last request: 0.000194 seconds.
  path: Assets/MARs/building parts/pod.fbx
  artifactKey: Guid(66c07d06435f33d42bcf52bb22f98f55) Importer(815301076,1909f56bfc062723c751e8b465ee728b)
Start importing Assets/MARs/building parts/pod.fbx using Guid(66c07d06435f33d42bcf52bb22f98f55) Importer(815301076,1909f56bfc062723c751e8b465ee728b)  -> (artifact id: '6c6ccfa32a0788516a743e5a69661f76') in 0.038135 seconds 
  Import took 0.041218 seconds .

========================================================================
Received Import Request.
  Time since last request: 0.000186 seconds.
  path: Assets/MARs/building parts/entre.fbx
  artifactKey: Guid(78f84fb1dd6476c4e8e2b1f5d812b620) Importer(815301076,1909f56bfc062723c751e8b465ee728b)
Start importing Assets/MARs/building parts/entre.fbx using Guid(78f84fb1dd6476c4e8e2b1f5d812b620) Importer(815301076,1909f56bfc062723c751e8b465ee728b)  -> (artifact id: 'a72ca7a823a1319d6b372ef14c388b39') in 0.032751 seconds 
  Import took 0.035714 seconds .

========================================================================
Received Import Request.
  Time since last request: 2937.207622 seconds.
  path: Assets/Scenes
  artifactKey: Guid(e503b54a0dce8a541a9abfaa1ee03cc9) Importer(815301076,1909f56bfc062723c751e8b465ee728b)
Start importing Assets/Scenes using Guid(e503b54a0dce8a541a9abfaa1ee03cc9) Importer(815301076,1909f56bfc062723c751e8b465ee728b)  -> (artifact id: '01b9f162a2d5d829884b511cf410fffe') in 0.007445 seconds 
  Import took 0.012511 seconds .

========================================================================
Received Import Request.
  Time since last request: 338.728721 seconds.
  path: Assets/mars.unitypackage
  artifactKey: Guid(ece270ddbbd893c429ae54e84879eec7) Importer(815301076,1909f56bfc062723c751e8b465ee728b)
Start importing Assets/mars.unitypackage using Guid(ece270ddbbd893c429ae54e84879eec7) Importer(815301076,1909f56bfc062723c751e8b465ee728b)  -> (artifact id: '017ae45ff3406adce27aff9911129727') in 0.018218 seconds 
  Import took 0.021095 seconds .

========================================================================
Received Import Request.
  Time since last request: 814.713976 seconds.
  path: Assets/New Terrain.asset
  artifactKey: Guid(19c1d8415b94be44d84e348245a484f6) Importer(815301076,1909f56bfc062723c751e8b465ee728b)
Start importing Assets/New Terrain.asset using Guid(19c1d8415b94be44d84e348245a484f6) Importer(815301076,1909f56bfc062723c751e8b465ee728b)  -> (artifact id: 'dd47473080c6ebba03d4978a990cfc34') in 0.022913 seconds 
  Import took 0.026047 seconds .

AssetImportWorkerClient::OnTransportError - code=2 error=End of file
